1610559445865	geckodriver	INFO	Listening on 127.0.0.1:47939
1610559446878	mozrunner::runner	INFO	Running command: "/usr/bin/firefox" "--marionette" "window-size=1280,800" "user-agent=Mozilla/5.0 (Windows NT 10.0; Win64; x64) AppleWebKit/537.36 (KHTML, like Gecko) Chrome/74.0.3729.169 Safari/537.36" "-foreground" "-no-remote" "-profile" "/tmp/rust_mozprofile2RMjUv"

(firefox:193492): Gtk-WARNING **: 12:37:26.956: Theme parsing error: gtk.css:2:33: Failed to import: Error opening file /home/christopherwilliams/.config/gtk-3.0/window_decorations.css: No such file or directory

(/usr/lib/firefox/firefox:193635): Gtk-WARNING **: 12:37:27.643: Theme parsing error: gtk.css:2:33: Failed to import: Error opening file /home/christopherwilliams/.config/gtk-3.0/window_decorations.css: No such file or directory

(/usr/lib/firefox/firefox:193644): Gtk-WARNING **: 12:37:27.748: Theme parsing error: gtk.css:2:33: Failed to import: Error opening file /home/christopherwilliams/.config/gtk-3.0/window_decorations.css: No such file or directory

(/usr/lib/firefox/firefox:193690): Gtk-WARNING **: 12:37:27.909: Theme parsing error: gtk.css:2:33: Failed to import: Error opening file /home/christopherwilliams/.config/gtk-3.0/window_decorations.css: No such file or directory
console.warn: SearchSettings: "get: No settings file exists, new profile?" (new Error("", "(unknown module)"))

(/usr/lib/firefox/firefox:193724): Gtk-WARNING **: 12:37:28.057: Theme parsing error: gtk.css:2:33: Failed to import: Error opening file /home/christopherwilliams/.config/gtk-3.0/window_decorations.css: No such file or directory

(/usr/lib/firefox/firefox:193817): Gtk-WARNING **: 12:37:28.750: Theme parsing error: gtk.css:2:33: Failed to import: Error opening file /home/christopherwilliams/.config/gtk-3.0/window_decorations.css: No such file or directory
1610559448759	Marionette	INFO	Listening on port 42819
1610559448816	Marionette	WARN	TLS certificate errors will be ignored for this session
JavaScript error: resource://gre/modules/XULStore.jsm, line 66: Error: Can't find profile directory.
JavaScript error: resource://gre/modules/XULStore.jsm, line 66: Error: Can't find profile directory.
JavaScript error: resource://gre/modules/XULStore.jsm, line 66: Error: Can't find profile directory.
JavaScript error: resource://gre/modules/XULStore.jsm, line 66: Error: Can't find profile directory.
JavaScript error: resource://gre/modules/XULStore.jsm, line 66: Error: Can't find profile directory.
console.error: Region.jsm: "Error fetching region" (new Error("TIMEOUT", "resource://gre/modules/Region.jsm", 726))
console.error: Region.jsm: "Failed to fetch region" (new Error("TIMEOUT", "resource://gre/modules/Region.jsm", 376))
IPDL protocol error: Handler returned error code!

###!!! [Parent][DispatchAsyncMessage] Error: PLayerTransaction::Msg_ReleaseLayer Processing error: message was deserialized, but the handler returned false (indicating failure)

IPDL protocol error: Handler returned error code!

###!!! [Parent][DispatchAsyncMessage] Error: PLayerTransaction::Msg_ReleaseLayer Processing error: message was deserialized, but the handler returned false (indicating failure)

IPDL protocol error: Handler returned error code!

###!!! [Parent][DispatchAsyncMessage] Error: PLayerTransaction::Msg_ReleaseLayer Processing error: message was deserialized, but the handler returned false (indicating failure)

IPDL protocol error: Handler returned error code!

###!!! [Parent][DispatchAsyncMessage] Error: PLayerTransaction::Msg_ReleaseLayer Processing error: message was deserialized, but the handler returned false (indicating failure)

IPDL protocol error: Handler returned error code!

###!!! [Parent][DispatchAsyncMessage] Error: PLayerTransaction::Msg_ReleaseLayer Processing error: message was deserialized, but the handler returned false (indicating failure)

IPDL protocol error: Handler returned error code!

###!!! [Parent][DispatchAsyncMessage] Error: PLayerTransaction::Msg_ReleaseLayer Processing error: message was deserialized, but the handler returned false (indicating failure)

IPDL protocol error: Handler returned error code!

###!!! [Parent][DispatchAsyncMessage] Error: PLayerTransaction::Msg_ReleaseLayer Processing error: message was deserialized, but the handler returned false (indicating failure)

IPDL protocol error: Handler returned error code!

###!!! [Parent][DispatchAsyncMessage] Error: PLayerTransaction::Msg_ReleaseLayer Processing error: message was deserialized, but the handler returned false (indicating failure)


###!!! [Child][RunMessage] Error: Channel closing: too late to send/recv, messages will be lost

1610559537869	Marionette	INFO	Stopped listening on port 42819
1610559563372	geckodriver	INFO	Listening on 127.0.0.1:44725
1610559563375	mozrunner::runner	INFO	Running command: "/usr/bin/firefox" "--marionette" "window-size=1280,800" "user-agent=Mozilla/5.0 (Windows NT 10.0; Win64; x64) AppleWebKit/537.36 (KHTML, like Gecko) Chrome/74.0.3729.169 Safari/537.36" "-foreground" "-no-remote" "-profile" "/tmp/rust_mozprofilex2MbxA"

(firefox:194384): Gtk-WARNING **: 12:39:23.423: Theme parsing error: gtk.css:2:33: Failed to import: Error opening file /home/christopherwilliams/.config/gtk-3.0/window_decorations.css: No such file or directory

(/usr/lib/firefox/firefox:194556): Gtk-WARNING **: 12:39:24.096: Theme parsing error: gtk.css:2:33: Failed to import: Error opening file /home/christopherwilliams/.config/gtk-3.0/window_decorations.css: No such file or directory

(/usr/lib/firefox/firefox:194566): Gtk-WARNING **: 12:39:24.184: Theme parsing error: gtk.css:2:33: Failed to import: Error opening file /home/christopherwilliams/.config/gtk-3.0/window_decorations.css: No such file or directory

(/usr/lib/firefox/firefox:194611): Gtk-WARNING **: 12:39:24.350: Theme parsing error: gtk.css:2:33: Failed to import: Error opening file /home/christopherwilliams/.config/gtk-3.0/window_decorations.css: No such file or directory

(/usr/lib/firefox/firefox:194634): Gtk-WARNING **: 12:39:24.481: Theme parsing error: gtk.css:2:33: Failed to import: Error opening file /home/christopherwilliams/.config/gtk-3.0/window_decorations.css: No such file or directory
console.warn: SearchSettings: "get: No settings file exists, new profile?" (new Error("", "(unknown module)"))
1610559565167	Marionette	INFO	Listening on port 32927

(/usr/lib/firefox/firefox:194730): Gtk-WARNING **: 12:39:25.177: Theme parsing error: gtk.css:2:33: Failed to import: Error opening file /home/christopherwilliams/.config/gtk-3.0/window_decorations.css: No such file or directory
1610559565211	Marionette	WARN	TLS certificate errors will be ignored for this session
JavaScript error: resource://gre/modules/XULStore.jsm, line 66: Error: Can't find profile directory.
JavaScript error: resource://gre/modules/XULStore.jsm, line 66: Error: Can't find profile directory.
JavaScript error: resource://gre/modules/XULStore.jsm, line 66: Error: Can't find profile directory.
JavaScript error: resource://gre/modules/XULStore.jsm, line 66: Error: Can't find profile directory.
JavaScript error: resource://gre/modules/XULStore.jsm, line 66: Error: Can't find profile directory.
console.error: Region.jsm: "Error fetching region" (new Error("TIMEOUT", "resource://gre/modules/Region.jsm", 726))
console.error: Region.jsm: "Failed to fetch region" (new Error("TIMEOUT", "resource://gre/modules/Region.jsm", 376))

###!!! [Child][RunMessage] Error: Channel closing: too late to send/recv, messages will be lost


###!!! [Child][MessageChannel] Error: (msgtype=0x5C000A,name=PHttpChannel::Msg_DeletingChannel) Channel closing: too late to send/recv, messages will be lost

1610559630669	Marionette	INFO	Stopped listening on port 32927
